2013-10-29 00:24:48.3578 INFO HomeController.Index() started
2013-10-29 00:24:50.1480 INFO HomeController.Index() ended
2013-10-29 00:54:51.7649 INFO Application started
2013-10-29 00:54:51.9571 INFO HomeController.Index() started
2013-10-29 00:54:53.4010 INFO HomeController.Index() ended
2013-10-29 00:56:22.5154 INFO Application started
2013-10-29 00:56:22.7395 INFO HomeController.Index() started
2013-10-29 00:56:24.3646 INFO HomeController.Index() ended
2013-10-29 01:11:15.6059 INFO Application ended
2013-10-29 02:12:08.4242 INFO Application started
2013-10-29 02:12:42.5025 INFO HomeController.Index() started
2013-10-29 02:12:53.4293 INFO HomeController.Index() ended
2013-10-29 02:39:09.5145 INFO Application started
2013-10-29 02:39:10.2536 INFO HomeController.Index() started
2013-10-29 02:39:12.5638 INFO HomeController.Index() ended
2013-10-29 13:02:17.5881 INFO Application started
2013-10-29 13:02:18.3102 INFO HomeController.Index() started
2013-10-29 13:02:20.5284 INFO HomeController.Index() ended
2013-10-29 13:02:28.9912 INFO HomeController.Index() started
2013-10-29 13:02:29.0322 INFO HomeController.Index() ended
2013-10-29 13:02:31.6865 INFO HomeController.Index() started
2013-10-29 13:02:31.7175 INFO HomeController.Index() ended
2013-10-29 13:02:34.0667 INFO HomeController.Index() started
2013-10-29 13:02:34.0997 INFO HomeController.Index() ended
2013-10-29 13:22:05.4369 INFO Application started
2013-10-29 13:22:05.8129 INFO HomeController.Index() started
2013-10-29 13:22:06.5490 INFO HomeController.Index() ended
2013-10-29 13:22:18.7802 INFO HomeController.SearchUserByName(string) started
2013-10-29 13:22:19.1392 INFO HomeController.SearchUserByName(string) started
2013-10-29 14:23:20.7674 INFO Application started
2013-10-29 14:23:21.1344 INFO HomeController.Index() started
2013-10-29 14:23:21.8775 INFO HomeController.Index() ended
2013-10-29 14:23:37.6080 INFO HomeController.SearchUserByName(string) started
2013-10-29 14:23:37.7261 INFO HomeController.SearchUserByName(string) started
2013-10-29 14:24:02.7766 INFO HomeController.SearchUserByName(string) started
2013-10-29 14:25:29.1062 INFO HomeController.SearchUserByName(string) started
2013-10-29 14:25:31.8355 INFO HomeController.SearchUserByName(string) started
2013-10-29 14:25:47.8911 INFO HomeController.SearchUserByName(string) started
2013-10-29 14:26:02.0045 INFO Application started
2013-10-29 14:26:02.3495 INFO HomeController.Index() started
2013-10-29 14:26:03.0646 INFO HomeController.Index() ended
2013-10-29 14:26:07.6990 INFO HomeController.SearchUserByName(string) started
2013-10-29 14:26:07.8221 INFO HomeController.SearchUserByName(string) started
2013-10-29 14:26:32.6015 INFO HomeController.SearchUserByName(string) started
2013-10-29 14:27:03.6616 INFO HomeController.SearchUserByName(string) started
2013-10-29 14:30:56.4579 INFO Application started
2013-10-29 14:30:56.8000 INFO HomeController.Index() started
2013-10-29 14:30:57.5510 INFO HomeController.Index() ended
2013-10-29 14:31:11.2064 INFO HomeController.SearchUserByName(string) started
2013-10-29 14:31:11.3214 INFO HomeController.SearchUserByName(string) started
2013-10-29 14:31:27.6060 INFO HomeController.SearchUserByName(string) started
2013-10-29 14:31:27.6600 INFO HomeController.SearchUserByName(string) started
2013-10-29 14:32:21.2674 INFO Application started
2013-10-29 14:32:21.6184 INFO HomeController.Index() started
2013-10-29 14:32:22.3405 INFO HomeController.Index() ended
2013-10-29 14:32:26.9160 INFO HomeController.SearchUserByName(string) started
2013-10-29 14:32:27.0360 INFO HomeController.SearchUserByName(string) started
2013-10-29 14:32:32.0795 INFO HomeController.SearchUserByName(string) started
2013-10-29 14:32:32.1325 INFO HomeController.SearchUserByName(string) started
2013-10-29 14:32:38.6651 INFO HomeController.SearchUserByName(string) started
2013-10-29 14:32:38.7161 INFO HomeController.SearchUserByName(string) started
2013-10-29 14:32:44.1497 INFO HomeController.SearchUserByName(string) started
2013-10-29 14:32:44.2017 INFO HomeController.SearchUserByName(string) started
2013-10-29 14:33:04.5327 INFO HomeController.SearchUserByName(string) started
2013-10-29 14:33:04.5897 INFO HomeController.SearchUserByName(string) started
2013-10-29 14:40:48.8251 INFO Application started
2013-10-29 14:40:54.0307 INFO HomeController.Index() started
2013-10-29 14:40:54.7767 INFO HomeController.Index() ended
2013-10-29 14:41:03.8577 INFO HomeController.SearchUserByName(string) started
2013-10-29 14:41:03.9747 INFO HomeController.SearchUserByName(string) started
2013-10-29 14:41:14.7837 INFO HomeController.Index() started
2013-10-29 14:41:14.8177 INFO HomeController.Index() ended
2013-10-29 14:41:21.3904 INFO HomeController.SearchUserByName(string) started
2013-10-29 14:41:21.4454 INFO HomeController.SearchUserByName(string) started
2013-10-29 14:44:52.2955 INFO Application started
2013-10-29 14:44:52.6265 INFO HomeController.Index() started
2013-10-29 14:44:53.3556 INFO HomeController.Index() ended
2013-10-29 14:45:06.8489 INFO HomeController.SearchUserByName(string) started
2013-10-29 14:45:06.9820 INFO HomeController.SearchUserByName(string) started
2013-10-29 14:45:11.5574 INFO HomeController.Index() started
2013-10-29 14:45:11.5854 INFO HomeController.Index() ended
2013-10-29 14:45:42.6665 INFO Application started
2013-10-29 14:45:44.9418 INFO HomeController.Index() started
2013-10-29 14:45:47.2010 INFO HomeController.Index() ended
2013-10-29 14:45:49.5062 INFO HomeController.Index() started
2013-10-29 14:45:49.5412 INFO HomeController.Index() ended
2013-10-29 14:46:03.6276 INFO HomeController.SearchUserByName(string) started
2013-10-29 14:46:03.9957 INFO HomeController.SearchUserByName(string) started
2013-10-29 15:00:21.7044 INFO Application started
2013-10-29 15:00:30.0733 INFO HomeController.Index() started
2013-10-29 15:00:30.8043 INFO HomeController.Index() ended
2013-10-29 15:01:14.7257 INFO Application started
2013-10-29 15:01:18.4971 INFO HomeController.Index() started
2013-10-29 15:01:19.2422 INFO HomeController.Index() ended
2013-10-29 15:02:18.5091 INFO Application started
2013-10-29 15:02:22.5105 INFO HomeController.Index() started
2013-10-29 15:02:23.2626 INFO HomeController.Index() ended
2013-10-29 15:02:36.8039 INFO HomeController.SearchUserByName(string) started
2013-10-29 15:02:36.9379 INFO HomeController.SearchUserByName(string) started
2013-10-29 15:03:15.4958 INFO HomeController.Index() started
2013-10-29 15:03:15.5338 INFO HomeController.Index() ended
2013-10-29 15:03:29.9693 INFO HomeController.SearchUserByName(string) started
2013-10-29 15:03:30.0223 INFO HomeController.SearchUserByName(string) started
2013-10-29 15:03:54.1327 INFO HomeController.Index() started
2013-10-29 15:03:54.1717 INFO HomeController.Index() ended
2013-10-29 15:04:25.8688 INFO HomeController.Index() started
2013-10-29 15:04:25.8978 INFO HomeController.Index() ended
2013-10-29 15:06:09.8352 INFO Application started
2013-10-29 15:06:14.8867 INFO HomeController.Index() started
2013-10-29 15:06:15.6358 INFO HomeController.Index() ended
2013-10-29 15:07:01.7664 INFO Application started
2013-10-29 15:07:02.0085 INFO HomeController.Index() started
2013-10-29 15:07:02.7605 INFO HomeController.Index() ended
2013-10-29 15:07:22.9235 INFO HomeController.SearchUserByName(string) started
2013-10-29 15:07:23.0606 INFO HomeController.SearchUserByName(string) started
2013-10-29 15:08:06.8749 INFO Application started
2013-10-29 15:08:07.5940 INFO HomeController.Index() started
2013-10-29 15:08:09.7552 INFO HomeController.Index() ended
2013-10-29 15:08:25.5648 INFO HomeController.SearchUserByName(string) started
2013-10-29 15:08:25.9478 INFO HomeController.SearchUserByName(string) started
2013-10-29 15:08:37.9320 INFO HomeController.Index() started
2013-10-29 15:08:37.9610 INFO HomeController.Index() ended
2013-10-29 15:46:57.4896 INFO Application started
2013-10-29 15:47:03.9170 INFO HomeController.Index() started
2013-10-29 15:47:06.1813 INFO HomeController.Index() ended
2013-10-29 15:47:16.6587 INFO HomeController.SearchUserByName(string) started
2013-10-29 15:47:17.0161 INFO HomeController.SearchUserByName(string) started
2013-10-29 15:48:18.5456 INFO Application started
2013-10-29 15:48:18.8829 INFO HomeController.Index() started
2013-10-29 15:48:19.5245 INFO HomeController.Index() ended
2013-10-29 15:48:31.3003 INFO HomeController.SearchUserByName(string) started
2013-10-29 15:48:31.4865 INFO HomeController.SearchUserByName(string) started
2013-10-29 15:50:05.8978 INFO Application started
2013-10-29 15:50:11.5063 INFO Application started
2013-10-29 15:50:11.7245 INFO HomeController.Index() started
2013-10-29 15:50:12.0677 INFO HomeController.Index() ended
2013-10-29 15:50:29.8251 INFO HomeController.SearchUserByName(string) started
2013-10-29 15:50:29.8842 INFO HomeController.SearchUserByName(string) started
2013-10-29 15:51:04.7486 INFO HomeController.Index() started
2013-10-29 15:51:04.7806 INFO HomeController.Index() ended
2013-10-29 15:51:41.7284 INFO HomeController.Index() started
2013-10-29 15:51:41.7525 INFO HomeController.Index() ended
2013-10-29 15:52:15.9070 INFO HomeController.SearchUserByName(string) started
2013-10-29 15:52:15.9530 INFO HomeController.SearchUserByName(string) started
2013-10-29 15:54:06.1229 INFO HomeController.Index() started
2013-10-29 15:54:06.1529 INFO HomeController.Index() ended
2013-10-29 15:54:28.0439 INFO HomeController.Index() started
2013-10-29 15:54:28.0819 INFO HomeController.Index() ended
2013-10-29 15:54:28.9705 INFO HomeController.Index() started
2013-10-29 15:54:29.0065 INFO HomeController.Index() ended
2013-10-29 15:54:45.6182 INFO HomeController.SearchUserByName(string) started
2013-10-29 15:54:45.6671 INFO HomeController.SearchUserByName(string) started
2013-10-29 15:56:04.4797 INFO HomeController.Index() started
2013-10-29 15:56:04.5147 INFO HomeController.Index() ended
2013-10-29 15:56:13.9840 INFO HomeController.SearchUserByName(string) started
2013-10-29 15:56:14.0359 INFO HomeController.SearchUserByName(string) started
2013-10-29 16:02:28.4997 INFO Application started
2013-10-29 16:02:31.1885 INFO HomeController.Index() started
2013-10-29 16:02:31.5246 INFO HomeController.Index() ended
2013-10-29 16:04:57.9286 INFO Application started
2013-10-29 16:05:02.1018 INFO HomeController.Index() started
2013-10-29 16:05:02.4729 INFO HomeController.Index() ended
2013-10-29 16:05:15.2478 INFO HomeController.SearchUserByName(string) started
2013-10-29 16:05:15.3468 ERROR Error in HomeController.SearchUserByName(string)
2013-10-29 16:05:15.3468 INFO HomeController.SearchUserByName(string) started
2013-10-29 16:05:33.7703 INFO HomeController.Index() started
2013-10-29 16:05:33.8083 INFO HomeController.Index() ended
2013-10-29 16:05:43.8183 INFO HomeController.SearchUserByName(string) started
2013-10-29 16:06:01.6827 ERROR Error in HomeController.SearchUserByName(string)
2013-10-29 16:06:01.6827 INFO HomeController.SearchUserByName(string) started
2013-10-29 16:06:46.2550 INFO HomeController.Index() started
2013-10-29 16:06:46.2881 INFO HomeController.Index() ended
2013-10-29 16:06:55.1837 INFO HomeController.SearchUserByName(string) started
2013-10-29 16:07:05.1637 ERROR Error in HomeController.SearchUserByName(string)
2013-10-29 16:07:05.1637 INFO HomeController.SearchUserByName(string) started
2013-10-29 16:10:14.1876 INFO Application started
2013-10-29 16:10:20.2248 INFO HomeController.Index() started
2013-10-29 16:10:20.5727 INFO HomeController.Index() ended
2013-10-29 16:10:37.6765 INFO HomeController.SearchUserByName(string) started
2013-10-29 16:10:37.7305 INFO HomeController.SearchUserByName(string) started
2013-10-29 16:11:09.4660 INFO HomeController.Index() started
2013-10-29 16:11:09.5030 INFO HomeController.Index() ended
2013-10-29 16:11:27.9515 INFO HomeController.SearchUserByName(string) started
2013-10-29 16:11:27.9934 INFO HomeController.SearchUserByName(string) started
2013-10-29 16:11:41.1175 INFO HomeController.Index() started
2013-10-29 16:11:41.1515 INFO HomeController.Index() ended
2013-10-29 16:13:53.8597 INFO Application started
2013-10-29 16:13:54.0366 INFO HomeController.Index() started
2013-10-29 16:13:54.5015 INFO HomeController.Index() ended
2013-10-29 16:14:11.4754 INFO HomeController.SearchUserByName(string) started
2013-10-29 16:14:11.5914 INFO HomeController.SearchUserByName(string) started
2013-10-29 16:14:14.1438 INFO HomeController.Index() started
2013-10-29 16:14:14.1858 INFO HomeController.Index() ended
2013-10-29 16:15:23.5357 INFO Application started
2013-10-29 16:15:23.6777 INFO HomeController.Index() started
2013-10-29 16:15:24.0017 INFO HomeController.Index() ended
2013-10-29 16:18:39.4913 INFO Application started
2013-10-29 16:18:42.9316 INFO HomeController.Index() started
2013-10-29 16:18:43.2717 INFO HomeController.Index() ended
2013-10-29 16:20:52.0544 INFO Application started
2013-10-29 16:20:54.0358 INFO HomeController.SearchUserByName(string) started
2013-10-29 16:20:54.0938 INFO HomeController.SearchUserByName(string) started
2013-10-29 16:20:56.1582 INFO HomeController.Index() started
2013-10-29 16:20:56.4953 INFO HomeController.Index() ended
2013-10-29 16:21:52.5575 INFO HomeController.Index() started
2013-10-29 16:21:52.5955 INFO HomeController.Index() ended
2013-10-29 16:23:25.8321 INFO HomeController.Index() started
2013-10-29 16:23:25.8711 INFO HomeController.Index() ended
2013-10-29 16:24:00.7391 INFO HomeController.SearchUserByName(string) started
2013-10-29 16:24:00.7831 INFO HomeController.SearchUserByName(string) started
2013-10-29 16:24:11.9833 INFO HomeController.Index() started
2013-10-29 16:24:12.0244 INFO HomeController.Index() ended
2013-10-29 16:24:29.9626 INFO HomeController.Index() started
2013-10-29 16:24:30.0026 INFO HomeController.Index() ended
2013-10-29 16:25:30.1006 INFO HomeController.SearchUserByName(string) started
2013-10-29 16:25:30.1546 INFO HomeController.SearchUserByName(string) started
2013-10-29 16:25:47.9219 INFO HomeController.Index() started
2013-10-29 16:25:47.9539 INFO HomeController.Index() ended
2013-10-29 16:26:16.5139 INFO HomeController.SearchUserByName(string) started
2013-10-29 16:26:16.5609 INFO HomeController.SearchUserByName(string) started
2013-10-29 16:27:54.0346 INFO HomeController.SearchUserByName(string) started
2013-10-29 16:27:54.0796 INFO HomeController.SearchUserByName(string) started
2013-10-29 16:28:11.7713 INFO HomeController.Index() started
2013-10-29 16:28:11.8023 INFO HomeController.Index() ended
